<?xml version="1.0" encoding="UTF-8"?>
<testng-results ignored="3" total="5" passed="2" failed="0" skipped="0">
  <reporter-output>
  </reporter-output>
  <suite started-at="2023-07-18T12:39:16 IST" name="Default suite" finished-at="2023-07-18T12:39:22 IST" duration-ms="6071">
    <groups>
    </groups>
    <test started-at="2023-07-18T12:39:16 IST" name="Default test" finished-at="2023-07-18T12:39:22 IST" duration-ms="6071">
      <class name="com.rest.api.EmployeeApiE2E">
        <test-method is-config="true" signature="setUpForBeforeTest()[pri:0, instance:com.rest.api.EmployeeApiE2E@2ea41516]" started-at="2023-07-18T12:39:16 IST" name="setUpForBeforeTest" finished-at="2023-07-18T12:39:17 IST" duration-ms="764" status="PASS">
          <reporter-output>
          </reporter-output>
        </test-method> <!-- setUpForBeforeTest -->
        <test-method is-config="true" signature="baseURI()[pri:0, instance:com.rest.api.EmployeeApiE2E@2ea41516]" started-at="2023-07-18T12:39:17 IST" name="baseURI" finished-at="2023-07-18T12:39:18 IST" duration-ms="539" status="PASS">
          <reporter-output>
          </reporter-output>
        </test-method> <!-- baseURI -->
        <test-method signature="getAllEmplyeesData()[pri:1, instance:com.rest.api.EmployeeApiE2E@2ea41516]" started-at="2023-07-18T12:39:18 IST" name="getAllEmplyeesData" finished-at="2023-07-18T12:39:21 IST" duration-ms="3464" status="PASS">
          <reporter-output>
          </reporter-output>
        </test-method> <!-- getAllEmplyeesData -->
        <test-method is-config="true" signature="baseURI()[pri:0, instance:com.rest.api.EmployeeApiE2E@2ea41516]" started-at="2023-07-18T12:39:21 IST" name="baseURI" finished-at="2023-07-18T12:39:21 IST" duration-ms="0" status="PASS">
          <reporter-output>
          </reporter-output>
        </test-method> <!-- baseURI -->
        <test-method signature="addEmployee()[pri:0, instance:com.rest.api.EmployeeApiE2E@2ea41516]" started-at="2023-07-18T12:39:21 IST" name="addEmployee" finished-at="2023-07-18T12:39:22 IST" depends-on-methods="com.rest.api.EmployeeApiE2E.getAllEmplyeesData" duration-ms="1200" status="PASS">
          <reporter-output>
          </reporter-output>
        </test-method> <!-- addEmployee -->
      </class> <!-- com.rest.api.EmployeeApiE2E -->
    </test> <!-- Default test -->
  </suite> <!-- Default suite -->
</testng-results>
