<?xml version="1.0" encoding="UTF-8"?>
<!-- Generated by org.testng.reporters.JUnitXMLReporter -->
<testsuite ignored="3" hostname="DESKTOP-5O0FCEA" failures="0" tests="2" name="Default test" time="6.071" errors="0" timestamp="2023-07-18T12:39:22 IST">
  <testcase classname="com.rest.api.EmployeeApiE2E" name="getAllEmplyeesData" time="3.464"/>
  <testcase classname="com.rest.api.EmployeeApiE2E" name="addEmployee" time="1.2"/>
  <testcase classname="com.rest.api.EmployeeApiE2E" name="deleteEmployeeTestcase4" time="0.0">
    <ignored/>
  </testcase> <!-- deleteEmployeeTestcase4 -->
  <testcase classname="com.rest.api.EmployeeApiE2E" name="employeeData" time="0.0">
    <ignored/>
  </testcase> <!-- employeeData -->
  <testcase classname="com.rest.api.EmployeeApiE2E" name="deleteEmployee" time="0.0">
    <ignored/>
  </testcase> <!-- deleteEmployee -->
</testsuite> <!-- Default test -->
